C:\USERS\JASON\DESKTOP\BASE\BASE\BO1\AEROCHEATS.EXE
C:\USERS\JASON\DESKTOP\BASE\BASE\BO1\AEROCHEATS.PDB
C:\Users\Jason\Desktop\base\base\BO1\AeroCheats.xdb
C:\Users\Jason\Desktop\base\base\BO1\AeroCheats.xex
C:\USERS\JASON\DESKTOP\BASE\BASE\BO1\AIMBOT.OBJ
C:\Users\Jason\Desktop\base\base\BO1\cl.command.1.tlog
C:\Users\Jason\Desktop\base\base\BO1\CL.read.1.tlog
C:\Users\Jason\Desktop\base\base\BO1\CL.write.1.tlog
C:\USERS\JASON\DESKTOP\BASE\BASE\BO1\DEPENDENTS.OBJ
C:\USERS\JASON\DESKTOP\BASE\BASE\BO1\DETOUR.OBJ
C:\USERS\JASON\DESKTOP\BASE\BASE\BO1\DRAWING.OBJ
C:\USERS\JASON\DESKTOP\BASE\BASE\BO1\ESP.OBJ
C:\USERS\JASON\DESKTOP\BASE\BASE\BO1\HOOKS.OBJ
C:\Users\Jason\Desktop\base\base\BO1\link.command.1.tlog
C:\Users\Jason\Desktop\base\base\BO1\link.read.1.tlog
C:\Users\Jason\Desktop\base\base\BO1\link.write.1.tlog
C:\USERS\JASON\DESKTOP\BASE\BASE\BO1\MAIN.OBJ
C:\USERS\JASON\DESKTOP\BASE\BASE\BO1\MENU.OBJ
C:\USERS\JASON\DESKTOP\BASE\BASE\BO1\MENUFUNC.OBJ
C:\USERS\JASON\DESKTOP\BASE\BASE\BO1\SPINBOT.OBJ
C:\USERS\JASON\DESKTOP\BASE\BASE\BO1\STRUCTS.OBJ
C:\USERS\JASON\DESKTOP\BASE\BASE\BO1\TOOLS.OBJ
C:\USERS\JASON\DESKTOP\BASE\BASE\BO1\VC100.PDB
C:\USERS\JASON\DESKTOP\BASE\BASE\BO1\VECTORS.OBJ
