F:\C++\SOURCES\ASPIRECE V2\BASE\BO1\AIMBOT.OBJ
F:\C++\SOURCES\ASPIRECE V2\BASE\BO1\ASPIRE.EXE
F:\C++\SOURCES\ASPIRECE V2\BASE\BO1\ASPIRE.PDB
F:\C++\Sources\AspireCE v2\base\BO1\Aspire.xdb
F:\C++\Sources\AspireCE v2\base\BO1\Aspire.xex
F:\C++\Sources\AspireCE v2\base\BO1\cl.command.1.tlog
F:\C++\Sources\AspireCE v2\base\BO1\CL.read.1.tlog
F:\C++\Sources\AspireCE v2\base\BO1\CL.write.1.tlog
F:\C++\SOURCES\ASPIRECE V2\BASE\BO1\DEPENDENTS.OBJ
F:\C++\SOURCES\ASPIRECE V2\BASE\BO1\DETOUR.OBJ
F:\C++\SOURCES\ASPIRECE V2\BASE\BO1\DRAWING.OBJ
F:\C++\SOURCES\ASPIRECE V2\BASE\BO1\ESP.OBJ
F:\C++\SOURCES\ASPIRECE V2\BASE\BO1\FUNCTIONS.OBJ
F:\C++\SOURCES\ASPIRECE V2\BASE\BO1\HOOKS.OBJ
F:\C++\SOURCES\ASPIRECE V2\BASE\BO1\HTTPSOCKETS.OBJ
F:\C++\Sources\AspireCE v2\base\BO1\link.command.1.tlog
F:\C++\Sources\AspireCE v2\base\BO1\link.read.1.tlog
F:\C++\Sources\AspireCE v2\base\BO1\link.write.1.tlog
F:\C++\SOURCES\ASPIRECE V2\BASE\BO1\MAIN.OBJ
F:\C++\SOURCES\ASPIRECE V2\BASE\BO1\MENU.OBJ
F:\C++\SOURCES\ASPIRECE V2\BASE\BO1\MENUFUNC.OBJ
F:\C++\SOURCES\ASPIRECE V2\BASE\BO1\SOCKETS.OBJ
F:\C++\SOURCES\ASPIRECE V2\BASE\BO1\SPINBOT.OBJ
F:\C++\SOURCES\ASPIRECE V2\BASE\BO1\STRUCTS.OBJ
F:\C++\SOURCES\ASPIRECE V2\BASE\BO1\TOOLS.OBJ
F:\C++\SOURCES\ASPIRECE V2\BASE\BO1\VC100.PDB
F:\C++\SOURCES\ASPIRECE V2\BASE\BO1\VECTORS.OBJ
