F:\C++\SOURCES\ASPIRECE V2\BASE\MW2\AIMBOT.OBJ
F:\C++\SOURCES\ASPIRECE V2\BASE\MW2\ASPIRE.EXE
F:\C++\SOURCES\ASPIRECE V2\BASE\MW2\ASPIRE.PDB
F:\C++\Sources\AspireCE v2\base\MW2\Aspire.xdb
F:\C++\Sources\AspireCE v2\base\MW2\Aspire.xex
F:\C++\Sources\AspireCE v2\base\MW2\cl.command.1.tlog
F:\C++\Sources\AspireCE v2\base\MW2\CL.read.1.tlog
F:\C++\Sources\AspireCE v2\base\MW2\CL.write.1.tlog
F:\C++\SOURCES\ASPIRECE V2\BASE\MW2\DEPENDENTS.OBJ
F:\C++\SOURCES\ASPIRECE V2\BASE\MW2\DETOUR.OBJ
F:\C++\SOURCES\ASPIRECE V2\BASE\MW2\DRAWING.OBJ
F:\C++\SOURCES\ASPIRECE V2\BASE\MW2\ESP.OBJ
F:\C++\SOURCES\ASPIRECE V2\BASE\MW2\FUNCTIONS.OBJ
F:\C++\SOURCES\ASPIRECE V2\BASE\MW2\HOOKS.OBJ
F:\C++\SOURCES\ASPIRECE V2\BASE\MW2\HTTPSOCKETS.OBJ
F:\C++\Sources\AspireCE v2\base\MW2\link.command.1.tlog
F:\C++\Sources\AspireCE v2\base\MW2\link.read.1.tlog
F:\C++\Sources\AspireCE v2\base\MW2\link.write.1.tlog
F:\C++\SOURCES\ASPIRECE V2\BASE\MW2\MAIN.OBJ
F:\C++\SOURCES\ASPIRECE V2\BASE\MW2\MENU.OBJ
F:\C++\SOURCES\ASPIRECE V2\BASE\MW2\MENUFUNC.OBJ
F:\C++\SOURCES\ASPIRECE V2\BASE\MW2\SOCKETS.OBJ
F:\C++\SOURCES\ASPIRECE V2\BASE\MW2\SPINBOT.OBJ
F:\C++\SOURCES\ASPIRECE V2\BASE\MW2\STRUCTS.OBJ
F:\C++\SOURCES\ASPIRECE V2\BASE\MW2\TOOLS.OBJ
F:\C++\SOURCES\ASPIRECE V2\BASE\MW2\VC100.PDB
F:\C++\SOURCES\ASPIRECE V2\BASE\MW2\VECTORS.OBJ
