C:\USERS\JASON\DESKTOP\BASE\BASE\BO2\AEROCHEATS.EXE
C:\USERS\JASON\DESKTOP\BASE\BASE\BO2\AEROCHEATS.PDB
C:\Users\Jason\Desktop\base\base\BO2\AeroCheats.xdb
C:\Users\Jason\Desktop\base\base\BO2\AeroCheats.xex
C:\Users\Jason\Desktop\base\base\BO2\cl.command.1.tlog
C:\Users\Jason\Desktop\base\base\BO2\CL.read.1.tlog
C:\Users\Jason\Desktop\base\base\BO2\CL.write.1.tlog
C:\USERS\JASON\DESKTOP\BASE\BASE\BO2\DEPENDENTS.OBJ
C:\USERS\JASON\DESKTOP\BASE\BASE\BO2\DETOUR.OBJ
C:\USERS\JASON\DESKTOP\BASE\BASE\BO2\DRAWING.OBJ
C:\USERS\JASON\DESKTOP\BASE\BASE\BO2\ESP.OBJ
C:\USERS\JASON\DESKTOP\BASE\BASE\BO2\HOOKS.OBJ
C:\Users\Jason\Desktop\base\base\BO2\link.command.1.tlog
C:\Users\Jason\Desktop\base\base\BO2\link.read.1.tlog
C:\Users\Jason\Desktop\base\base\BO2\link.write.1.tlog
C:\USERS\JASON\DESKTOP\BASE\BASE\BO2\MAIN.OBJ
C:\USERS\JASON\DESKTOP\BASE\BASE\BO2\MENU.OBJ
C:\USERS\JASON\DESKTOP\BASE\BASE\BO2\MENUFUNC.OBJ
C:\USERS\JASON\DESKTOP\BASE\BASE\BO2\STRUCTS.OBJ
C:\USERS\JASON\DESKTOP\BASE\BASE\BO2\TOOLS.OBJ
C:\USERS\JASON\DESKTOP\BASE\BASE\BO2\VC100.PDB
C:\USERS\JASON\DESKTOP\BASE\BASE\BO2\VECTORS.OBJ
