F:\C++\SOURCES\ASPIRECE V2\BASE\BO2\AIMBOT.OBJ
F:\C++\SOURCES\ASPIRECE V2\BASE\BO2\ASPIRE.EXE
F:\C++\SOURCES\ASPIRECE V2\BASE\BO2\ASPIRE.PDB
F:\C++\Sources\AspireCE v2\base\BO2\Aspire.xdb
F:\C++\SOURCES\ASPIRECE V2\BASE\BO2\AUTH.OBJ
F:\C++\Sources\AspireCE v2\base\BO2\BO2.CHEAT.xex
F:\C++\Sources\AspireCE v2\base\BO2\cl.command.1.tlog
F:\C++\Sources\AspireCE v2\base\BO2\CL.read.1.tlog
F:\C++\Sources\AspireCE v2\base\BO2\CL.write.1.tlog
F:\C++\SOURCES\ASPIRECE V2\BASE\BO2\DEPENDENTS.OBJ
F:\C++\SOURCES\ASPIRECE V2\BASE\BO2\DETOUR.OBJ
F:\C++\SOURCES\ASPIRECE V2\BASE\BO2\DRAWING.OBJ
F:\C++\SOURCES\ASPIRECE V2\BASE\BO2\ESP.OBJ
F:\C++\SOURCES\ASPIRECE V2\BASE\BO2\FUNCTIONS.OBJ
F:\C++\SOURCES\ASPIRECE V2\BASE\BO2\HOOKS.OBJ
F:\C++\SOURCES\ASPIRECE V2\BASE\BO2\HTTPSOCKETS.OBJ
F:\C++\Sources\AspireCE v2\base\BO2\link.command.1.tlog
F:\C++\Sources\AspireCE v2\base\BO2\link.read.1.tlog
F:\C++\Sources\AspireCE v2\base\BO2\link.write.1.tlog
F:\C++\SOURCES\ASPIRECE V2\BASE\BO2\MAIN.OBJ
F:\C++\SOURCES\ASPIRECE V2\BASE\BO2\MENU.OBJ
F:\C++\SOURCES\ASPIRECE V2\BASE\BO2\MENUFUNC.OBJ
F:\C++\SOURCES\ASPIRECE V2\BASE\BO2\SOCKETS.OBJ
F:\C++\SOURCES\ASPIRECE V2\BASE\BO2\SPINBOT.OBJ
F:\C++\SOURCES\ASPIRECE V2\BASE\BO2\STRUCTS.OBJ
F:\C++\SOURCES\ASPIRECE V2\BASE\BO2\TOOLS.OBJ
F:\C++\SOURCES\ASPIRECE V2\BASE\BO2\VC100.PDB
F:\C++\SOURCES\ASPIRECE V2\BASE\BO2\VECTORS.OBJ
