C:\USERS\JASON\DESKTOP\BASE\BASE\RELEASE_LTCG\AEROCHEATS.EXE
C:\USERS\JASON\DESKTOP\BASE\BASE\RELEASE_LTCG\AEROCHEATS.PDB
C:\Users\Jason\Desktop\base\base\Release_LTCG\AeroCheats.xdb
C:\Users\Jason\Desktop\base\base\Release_LTCG\AeroCheats.xex
C:\Users\Jason\Desktop\base\base\Release_LTCG\cl.command.1.tlog
C:\Users\Jason\Desktop\base\base\Release_LTCG\CL.read.1.tlog
C:\Users\Jason\Desktop\base\base\Release_LTCG\CL.write.1.tlog
C:\USERS\JASON\DESKTOP\BASE\BASE\RELEASE_LTCG\DEPENDENTS.OBJ
C:\USERS\JASON\DESKTOP\BASE\BASE\RELEASE_LTCG\DETOUR.OBJ
C:\USERS\JASON\DESKTOP\BASE\BASE\RELEASE_LTCG\DRAWING.OBJ
C:\USERS\JASON\DESKTOP\BASE\BASE\RELEASE_LTCG\HOOKS.OBJ
C:\Users\Jason\Desktop\base\base\Release_LTCG\link.command.1.tlog
C:\Users\Jason\Desktop\base\base\Release_LTCG\link.read.1.tlog
C:\Users\Jason\Desktop\base\base\Release_LTCG\link.write.1.tlog
C:\USERS\JASON\DESKTOP\BASE\BASE\RELEASE_LTCG\MAIN.OBJ
C:\USERS\JASON\DESKTOP\BASE\BASE\RELEASE_LTCG\MENU.OBJ
C:\USERS\JASON\DESKTOP\BASE\BASE\RELEASE_LTCG\MENUFUNC.OBJ
C:\USERS\JASON\DESKTOP\BASE\BASE\RELEASE_LTCG\STRUCTS.OBJ
C:\USERS\JASON\DESKTOP\BASE\BASE\RELEASE_LTCG\TOOLS.OBJ
C:\USERS\JASON\DESKTOP\BASE\BASE\RELEASE_LTCG\VC100.PDB
